  [4;36;1mSQL (2.9ms)[0m   [0;1mSET SQL_AUTO_IS_NULL=0[0m
  [4;35;1mSQL (3.3ms)[0m   [0mDROP DATABASE IF EXISTS `m2m_production`[0m
  [4;36;1mSQL (52.6ms)[0m   [0;1mDROP DATABASE IF EXISTS `m2m_development`[0m
  [4;35;1mSQL (1.3ms)[0m   [0mDROP DATABASE IF EXISTS `m2m_test`[0m
  [4;36;1mSQL (1.0ms)[0m   [0;1mSET SQL_AUTO_IS_NULL=0[0m
  [4;35;1mSQL (3.0ms)[0m   [0mCREATE DATABASE `m2m_production` DEFAULT CHARACTER SET `utf8` COLLATE `utf8_general_ci`[0m
  [4;36;1mSQL (1.9ms)[0m   [0;1mSET SQL_AUTO_IS_NULL=0[0m
  [4;35;1mSQL (1.5ms)[0m   [0mCREATE DATABASE `m2m_development` DEFAULT CHARACTER SET `utf8` COLLATE `utf8_general_ci`[0m
  [4;36;1mSQL (0.7ms)[0m   [0;1mSET SQL_AUTO_IS_NULL=0[0m
  [4;35;1mSQL (1.2ms)[0m   [0mCREATE DATABASE `m2m_test` DEFAULT CHARACTER SET `utf8` COLLATE `utf8_general_ci`[0m
  [4;36;1mSQL (1.0ms)[0m   [0;1mSET SQL_AUTO_IS_NULL=0[0m
  [4;35;1mSQL (1.6ms)[0m   [0mSHOW TABLES[0m
  [4;36;1mSQL (521.3ms)[0m   [0;1mCREATE TABLE `schema_migrations` (`version` varchar(255) NOT NULL) ENGINE=InnoDB[0m
  [4;35;1mSQL (31.3ms)[0m   [0mCREATE UNIQUE INDEX `unique_schema_migrations` ON `schema_migrations` (`version`)[0m
  [4;36;1mSQL (1.4ms)[0m   [0;1mSHOW TABLES[0m
  [4;35;1mSQL (1.8ms)[0m   [0mSELECT version FROM schema_migrations[0m
Migrating to CreateProjects (20081210012402)
  [4;36;1mSQL (10.5ms)[0m   [0;1mCREATE TABLE `projects` (`id` int(11) DEFAULT NULL auto_increment PRIMARY KEY, `project_name` varchar(255) NOT NULL) ENGINE=InnoDB[0m
  [4;35;1mSQL (4.9ms)[0m   [0mINSERT INTO schema_migrations (version) VALUES ('20081210012402')[0m
Migrating to CreateAssignments (20081210012504)
  [4;36;1mSQL (30.5ms)[0m   [0;1mCREATE TABLE `assignments` (`id` int(11) DEFAULT NULL auto_increment PRIMARY KEY, `project_id` int(11) NOT NULL, `programmer_id` int(11) NOT NULL) ENGINE=InnoDB[0m
  [4;35;1mSQL (2.0ms)[0m   [0mINSERT INTO schema_migrations (version) VALUES ('20081210012504')[0m
Migrating to CreateProgrammers (20081210141651)
  [4;36;1mSQL (9.2ms)[0m   [0;1mCREATE TABLE `programmers` (`id` int(11) DEFAULT NULL auto_increment PRIMARY KEY, `first_name` varchar(255) NOT NULL, `last_name` varchar(255) NOT NULL) ENGINE=InnoDB[0m
  [4;35;1mSQL (7.3ms)[0m   [0mINSERT INTO schema_migrations (version) VALUES ('20081210141651')[0m
  [4;36;1mSQL (7.5ms)[0m   [0;1mSHOW TABLES[0m
  [4;35;1mSQL (1.3ms)[0m   [0mSELECT version FROM schema_migrations[0m
  [4;36;1mSQL (1.3ms)[0m   [0;1mSHOW TABLES[0m
  [4;35;1mSQL (10.7ms)[0m   [0mSHOW FIELDS FROM `assignments`[0m
  [4;36;1mSQL (3.4ms)[0m   [0;1mdescribe `assignments`[0m
  [4;35;1mSQL (1.4ms)[0m   [0mSHOW KEYS FROM `assignments`[0m
  [4;36;1mSQL (6.6ms)[0m   [0;1mSHOW FIELDS FROM `programmers`[0m
  [4;35;1mSQL (13.5ms)[0m   [0mdescribe `programmers`[0m
  [4;36;1mSQL (3.2ms)[0m   [0;1mSHOW KEYS FROM `programmers`[0m
  [4;35;1mSQL (6.7ms)[0m   [0mSHOW FIELDS FROM `projects`[0m
  [4;36;1mSQL (3.6ms)[0m   [0;1mdescribe `projects`[0m
  [4;35;1mSQL (8.5ms)[0m   [0mSHOW KEYS FROM `projects`[0m
  [4;36;1mSQL (1.1ms)[0m   [0;1mSET SQL_AUTO_IS_NULL=0[0m
ActiveScaffold: extending RESTful routes for programmers
ActiveScaffold: extending RESTful routes for projects
ActiveScaffold: extending RESTful routes for assignments
  [4;36;1mSQL (1.3ms)[0m   [0;1mSET SQL_AUTO_IS_NULL=0[0m
  [4;35;1mAssignment Columns (10.0ms)[0m   [0mSHOW FIELDS FROM `assignments`[0m


Processing AssignmentsController#index (for 127.0.0.1 at 2008-12-26 21:45:25) [GET]


CGI::Session::CookieStore::TamperedWithCookie (CGI::Session::CookieStore::TamperedWithCookie):
    /usr/lib/ruby/gems/1.8/gems/actionpack-2.2.2/lib/action_controller/session/cookie_store.rb:145:in `unmarshal'
    /usr/lib/ruby/gems/1.8/gems/actionpack-2.2.2/lib/action_controller/session/cookie_store.rb:102:in `restore'
    /usr/lib/ruby/1.8/cgi/session.rb:310:in `[]'
    /usr/lib/ruby/gems/1.8/gems/actionpack-2.2.2/lib/action_controller/cgi_process.rb:98:in `session'
    /usr/lib/ruby/gems/1.8/gems/actionpack-2.2.2/lib/action_controller/cgi_process.rb:130:in `stale_session_check!'
    /usr/lib/ruby/gems/1.8/gems/actionpack-2.2.2/lib/action_controller/cgi_process.rb:78:in `session'
    /usr/lib/ruby/gems/1.8/gems/actionpack-2.2.2/lib/action_controller/base.rb:1205:in `assign_shortcuts_without_flash'
    /usr/lib/ruby/gems/1.8/gems/actionpack-2.2.2/lib/action_controller/flash.rb:166:in `assign_shortcuts'
    /usr/lib/ruby/gems/1.8/gems/actionpack-2.2.2/lib/action_controller/base.rb:519:in `process_without_filters'
    /usr/lib/ruby/gems/1.8/gems/actionpack-2.2.2/lib/action_controller/filters.rb:606:in `process_without_session_management_support'
    /usr/lib/ruby/gems/1.8/gems/actionpack-2.2.2/lib/action_controller/session_management.rb:134:in `process'
    /usr/lib/ruby/gems/1.8/gems/actionpack-2.2.2/lib/action_controller/base.rb:392:in `process'
    /usr/lib/ruby/gems/1.8/gems/actionpack-2.2.2/lib/action_controller/dispatcher.rb:183:in `handle_request'
    /usr/lib/ruby/gems/1.8/gems/actionpack-2.2.2/lib/action_controller/dispatcher.rb:110:in `dispatch_unlocked'
    /usr/lib/ruby/gems/1.8/gems/actionpack-2.2.2/lib/action_controller/dispatcher.rb:123:in `dispatch'
    /usr/lib/ruby/gems/1.8/gems/actionpack-2.2.2/lib/action_controller/dispatcher.rb:122:in `synchronize'
    /usr/lib/ruby/gems/1.8/gems/actionpack-2.2.2/lib/action_controller/dispatcher.rb:122:in `dispatch'
    /usr/lib/ruby/gems/1.8/gems/actionpack-2.2.2/lib/action_controller/dispatcher.rb:132:in `dispatch_cgi'
    /usr/lib/ruby/gems/1.8/gems/actionpack-2.2.2/lib/action_controller/dispatcher.rb:39:in `dispatch'
    /usr/lib/ruby/gems/1.8/gems/mongrel-1.1.5/bin/../lib/mongrel/rails.rb:76:in `process'
    /usr/lib/ruby/gems/1.8/gems/mongrel-1.1.5/bin/../lib/mongrel/rails.rb:74:in `synchronize'
    /usr/lib/ruby/gems/1.8/gems/mongrel-1.1.5/bin/../lib/mongrel/rails.rb:74:in `process'
    /usr/lib/ruby/gems/1.8/gems/mongrel-1.1.5/lib/mongrel.rb:159:in `process_client'
    /usr/lib/ruby/gems/1.8/gems/mongrel-1.1.5/lib/mongrel.rb:158:in `each'
    /usr/lib/ruby/gems/1.8/gems/mongrel-1.1.5/lib/mongrel.rb:158:in `process_client'
    /usr/lib/ruby/gems/1.8/gems/mongrel-1.1.5/lib/mongrel.rb:285:in `run'
    /usr/lib/ruby/gems/1.8/gems/mongrel-1.1.5/lib/mongrel.rb:285:in `initialize'
    /usr/lib/ruby/gems/1.8/gems/mongrel-1.1.5/lib/mongrel.rb:285:in `new'
    /usr/lib/ruby/gems/1.8/gems/mongrel-1.1.5/lib/mongrel.rb:285:in `run'
    /usr/lib/ruby/gems/1.8/gems/mongrel-1.1.5/lib/mongrel.rb:268:in `initialize'
    /usr/lib/ruby/gems/1.8/gems/mongrel-1.1.5/lib/mongrel.rb:268:in `new'
    /usr/lib/ruby/gems/1.8/gems/mongrel-1.1.5/lib/mongrel.rb:268:in `run'
    /usr/lib/ruby/gems/1.8/gems/mongrel-1.1.5/lib/mongrel/configurator.rb:282:in `run'
    /usr/lib/ruby/gems/1.8/gems/mongrel-1.1.5/lib/mongrel/configurator.rb:281:in `each'
    /usr/lib/ruby/gems/1.8/gems/mongrel-1.1.5/lib/mongrel/configurator.rb:281:in `run'
    /usr/lib/ruby/gems/1.8/gems/mongrel-1.1.5/bin/mongrel_rails:128:in `run'
    /usr/lib/ruby/gems/1.8/gems/mongrel-1.1.5/lib/mongrel/command.rb:212:in `run'
    /usr/lib/ruby/gems/1.8/gems/mongrel-1.1.5/bin/mongrel_rails:281
    /usr/lib/ruby/gems/1.8/gems/activesupport-2.2.2/lib/active_support/dependencies.rb:142:in `load_without_new_constant_marking'
    /usr/lib/ruby/gems/1.8/gems/activesupport-2.2.2/lib/active_support/dependencies.rb:142:in `load'
    /usr/lib/ruby/gems/1.8/gems/activesupport-2.2.2/lib/active_support/dependencies.rb:521:in `new_constants_in'
    /usr/lib/ruby/gems/1.8/gems/activesupport-2.2.2/lib/active_support/dependencies.rb:142:in `load'
    /usr/lib/ruby/gems/1.8/gems/rails-2.2.2/lib/commands/servers/mongrel.rb:64
    /usr/local/lib/site_ruby/1.8/rubygems/custom_require.rb:31:in `gem_original_require'
    /usr/local/lib/site_ruby/1.8/rubygems/custom_require.rb:31:in `require'
    /usr/lib/ruby/gems/1.8/gems/activesupport-2.2.2/lib/active_support/dependencies.rb:153:in `require'
    /usr/lib/ruby/gems/1.8/gems/activesupport-2.2.2/lib/active_support/dependencies.rb:521:in `new_constants_in'
    /usr/lib/ruby/gems/1.8/gems/activesupport-2.2.2/lib/active_support/dependencies.rb:153:in `require'
    /usr/lib/ruby/gems/1.8/gems/rails-2.2.2/lib/commands/server.rb:49
    /usr/local/lib/site_ruby/1.8/rubygems/custom_require.rb:31:in `gem_original_require'
    /usr/local/lib/site_ruby/1.8/rubygems/custom_require.rb:31:in `require'
    script/server:3

Rendered /usr/lib/ruby/gems/1.8/gems/actionpack-2.2.2/lib/action_controller/templates/rescues/_trace (229.9ms)
Rendered /usr/lib/ruby/gems/1.8/gems/actionpack-2.2.2/lib/action_controller/templates/rescues/_request_and_response (9.0ms)
Rendering /usr/lib/ruby/gems/1.8/gems/actionpack-2.2.2/lib/action_controller/templates/rescues/layout.erb (internal_server_error)
  [4;36;1mSQL (1.1ms)[0m   [0;1mSET SQL_AUTO_IS_NULL=0[0m
  [4;35;1mAssignment Columns (7.2ms)[0m   [0mSHOW FIELDS FROM `assignments`[0m


Processing AssignmentsController#index (for 127.0.0.1 at 2008-12-26 21:45:28) [GET]
  [4;36;1mProgrammer Columns (3.8ms)[0m   [0;1mSHOW FIELDS FROM `programmers`[0m
  [4;35;1mProject Columns (4.1ms)[0m   [0mSHOW FIELDS FROM `projects`[0m
  [4;36;1mSQL (3.3ms)[0m   [0;1mSELECT count(DISTINCT `assignments`.id) AS count_all FROM `assignments` LEFT OUTER JOIN `programmers` ON `programmers`.id = `assignments`.programmer_id LEFT OUTER JOIN `projects` ON `projects`.id = `assignments`.project_id [0m
  [4;35;1mAssignment Load (6.9ms)[0m   [0mSELECT `assignments`.* FROM `assignments` ORDER BY assignments.`id` ASC LIMIT 0, 15[0m
  [4;36;1mProgrammer Load (21.9ms)[0m   [0;1mSELECT * FROM `programmers` WHERE (`programmers`.`id` IN (11,6,7,8,1,2,3,10,5)) [0m
  [4;35;1mProject Load (3.6ms)[0m   [0mSELECT * FROM `projects` WHERE (`projects`.`id` IN (6,7,8,9,3,10,4,5)) [0m
Rendering template within layouts/assignments
Rendering assignments/list
Rendered _list_header (26.5ms)
Rendered _list_column_headings (24.6ms)
Rendered _messages (3.3ms)
Rendered _list_actions (23.2ms)
Rendered _list_record (91.9ms)
Rendered _list_actions (20.9ms)
Rendered _list_record (39.9ms)
Rendered _list_actions (22.8ms)
Rendered _list_record (41.5ms)
Rendered _list_actions (9.9ms)
Rendered _list_record (40.3ms)
Rendered _list_actions (19.1ms)
Rendered _list_record (56.2ms)
Rendered _list_actions (17.8ms)
Rendered _list_record (43.7ms)
Rendered _list_actions (11.9ms)
Rendered _list_record (45.2ms)
Rendered _list_actions (17.3ms)
Rendered _list_record (40.3ms)
Rendered _list_actions (19.1ms)
Rendered _list_record (41.0ms)
Rendered _list_actions (11.1ms)
Rendered _list_record (39.0ms)
Rendered _list_actions (21.3ms)
Rendered _list_record (57.6ms)
Rendered _list_actions (28.7ms)
Rendered _list_record (91.3ms)
Rendered _list_actions (18.5ms)
Rendered _list_record (68.8ms)
Rendered _list_actions (7.4ms)
Rendered _list_record (65.2ms)
Rendered _list_actions (11.2ms)
Rendered _list_record (52.4ms)
Rendered _list_pagination_links (28.9ms)
Rendered _list (978.9ms)
Completed in 2012ms (View: 1086, DB: 52) | 200 OK [http://localhost/assignments]
  [4;36;1mSQL (0.7ms)[0m   [0;1mSET SQL_AUTO_IS_NULL=0[0m
  [4;35;1mAssignment Columns (8.5ms)[0m   [0mSHOW FIELDS FROM `assignments`[0m


Processing AssignmentsController#new (for 127.0.0.1 at 2008-12-26 21:45:34) [GET]
  Parameters: {"adapter"=>"_list_inline_adapter"}
  [4;36;1mProgrammer Columns (5.0ms)[0m   [0;1mSHOW FIELDS FROM `programmers`[0m
  [4;35;1mProject Columns (4.2ms)[0m   [0mSHOW FIELDS FROM `projects`[0m
Rendered _form_association_header (7.2ms)
Rendered _form_attribute (4.0ms)
Rendered _form_attribute (3.5ms)
Rendered _form_association_record (33.7ms)
  [4;36;1mSQL (3.1ms)[0m   [0;1mSELECT count(*) AS count_all FROM `programmers` [0m
  [4;35;1mProgrammer Load (1.5ms)[0m   [0mSELECT * FROM `programmers` [0m
Rendered _form_association_footer (42.9ms)
Rendered _horizontal_subform (125.7ms)
Rendered _form_association (142.5ms)
Rendered _form_association_header (6.9ms)
Rendered _form_attribute (3.0ms)
Rendered _form_association_record (20.7ms)
  [4;36;1mSQL (1.1ms)[0m   [0;1mSELECT count(*) AS count_all FROM `projects` [0m
  [4;35;1mProject Load (1.3ms)[0m   [0mSELECT * FROM `projects` [0m
Rendered _form_association_footer (43.0ms)
Rendered _horizontal_subform (82.5ms)
Rendered _form_association (92.7ms)
Rendered _form (269.7ms)
Rendered _create_form (350.1ms)
Rendering _list_inline_adapter
Rendered _messages (1.2ms)
Rendered _list_inline_adapter (34.0ms)
Completed in 903ms (View: 35, DB: 0) | 200 OK [http://localhost/assignments/new?_method=get&adapter=_list_inline_adapter]
  [4;36;1mSQL (0.8ms)[0m   [0;1mSET SQL_AUTO_IS_NULL=0[0m
  [4;35;1mAssignment Columns (4.3ms)[0m   [0mSHOW FIELDS FROM `assignments`[0m


Processing AssignmentsController#edit_associated (for 127.0.0.1 at 2008-12-26 21:45:40) [GET]
  Parameters: {"association"=>"programmer", "associated_id"=>"10"}
  [4;36;1mProgrammer Columns (4.0ms)[0m   [0;1mSHOW FIELDS FROM `programmers`[0m
  [4;35;1mProject Columns (4.2ms)[0m   [0mSHOW FIELDS FROM `projects`[0m
  [4;36;1mProgrammer Load (3.2ms)[0m   [0;1mSELECT * FROM `programmers` WHERE (`programmers`.`id` = 10) [0m
Rendering assignments/edit_associated.rjs
Rendered _form_attribute (3.0ms)
Rendered _form_attribute (4.1ms)
Rendered _form_association_record (29.9ms)
Completed in 366ms (View: 53, DB: 16) | 200 OK [http://localhost/assignments/edit_associated?_method=get&associated_id=10&association=programmer]
  [4;35;1mSQL (0.8ms)[0m   [0mSET SQL_AUTO_IS_NULL=0[0m
  [4;36;1mAssignment Columns (5.9ms)[0m   [0;1mSHOW FIELDS FROM `assignments`[0m


Processing AssignmentsController#edit_associated (for 127.0.0.1 at 2008-12-26 21:45:48) [GET]
  Parameters: {"association"=>"project", "associated_id"=>"2"}
  [4;35;1mProgrammer Columns (14.9ms)[0m   [0mSHOW FIELDS FROM `programmers`[0m
  [4;36;1mProject Columns (11.3ms)[0m   [0;1mSHOW FIELDS FROM `projects`[0m
  [4;35;1mProject Load (17.3ms)[0m   [0mSELECT * FROM `projects` WHERE (`projects`.`id` = 2) [0m
Rendering assignments/edit_associated.rjs
Rendered _form_attribute (14.3ms)
Rendered _form_association_record (52.7ms)
Completed in 1217ms (View: 92, DB: 50) | 200 OK [http://localhost/assignments/edit_associated?_method=get&associated_id=2&association=project]
  [4;36;1mSQL (1.5ms)[0m   [0;1mSET SQL_AUTO_IS_NULL=0[0m
  [4;35;1mAssignment Columns (4.0ms)[0m   [0mSHOW FIELDS FROM `assignments`[0m


Processing AssignmentsController#create (for 127.0.0.1 at 2008-12-26 21:46:36) [POST]
  Parameters: {"commit"=>"Create", "authenticity_token"=>"49fe2af5ba0191559230cf7a3511e7b9c455d041", "associated_id"=>"10", "record"=>{"programmer"=>{"id"=>"10", "last_name"=>"ProgrammerLast_10", "first_name"=>"ProgrammerFirst_10"}, "project"=>{"id"=>"2", "project_name"=>"Project_2"}}}
  [4;36;1mProgrammer Columns (3.8ms)[0m   [0;1mSHOW FIELDS FROM `programmers`[0m
  [4;35;1mProject Columns (3.6ms)[0m   [0mSHOW FIELDS FROM `projects`[0m
  [4;36;1mSQL (0.8ms)[0m   [0;1mBEGIN[0m
  [4;35;1mProgrammer Load (1.0ms)[0m   [0mSELECT * FROM `programmers` WHERE (`programmers`.`id` = 10) [0m
  [4;36;1mProject Load (1.0ms)[0m   [0;1mSELECT * FROM `projects` WHERE (`projects`.`id` = 2) [0m
  [4;35;1mAssignment Create (1.8ms)[0m   [0mINSERT INTO `assignments` (`project_id`, `programmer_id`) VALUES(2, 10)[0m
  [4;36;1mSQL (12.0ms)[0m   [0;1mCOMMIT[0m
Rendering assignments/create.rjs
Rendered _list_actions (23.9ms)
Rendered _list_record (65.0ms)
Completed in 475ms (View: 96, DB: 29) | 200 OK [http://localhost/assignments]
  [4;35;1mSQL (1.0ms)[0m   [0mSET SQL_AUTO_IS_NULL=0[0m
  [4;36;1mAssignment Columns (6.3ms)[0m   [0;1mSHOW FIELDS FROM `assignments`[0m


Processing AssignmentsController#update_table (for 127.0.0.1 at 2008-12-26 21:46:47) [GET]
  Parameters: {"authenticity_token"=>"49fe2af5ba0191559230cf7a3511e7b9c455d041", "page"=>"2"}
  [4;35;1mProgrammer Columns (3.8ms)[0m   [0mSHOW FIELDS FROM `programmers`[0m
  [4;36;1mProject Columns (6.9ms)[0m   [0;1mSHOW FIELDS FROM `projects`[0m
  [4;35;1mSQL (3.2ms)[0m   [0mSELECT count(DISTINCT `assignments`.id) AS count_all FROM `assignments` LEFT OUTER JOIN `programmers` ON `programmers`.id = `assignments`.programmer_id LEFT OUTER JOIN `projects` ON `projects`.id = `assignments`.project_id [0m
  [4;36;1mAssignment Load (1.2ms)[0m   [0;1mSELECT `assignments`.* FROM `assignments` ORDER BY assignments.`id` ASC LIMIT 15, 15[0m
  [4;35;1mProgrammer Load (1.5ms)[0m   [0mSELECT * FROM `programmers` WHERE (`programmers`.`id` IN (9,1,2,3,4,5)) [0m
  [4;36;1mProject Load (2.2ms)[0m   [0;1mSELECT * FROM `projects` WHERE (`projects`.`id` IN (6,8,9,1,2,4)) [0m
Rendered _list_column_headings (23.1ms)
Rendered _messages (1.1ms)
Rendered _list_actions (25.7ms)
Rendered _list_record (72.8ms)
Rendered _list_actions (10.6ms)
Rendered _list_record (33.7ms)
Rendered _list_actions (12.6ms)
Rendered _list_record (41.3ms)
Rendered _list_actions (10.5ms)
Rendered _list_record (31.2ms)
Rendered _list_actions (33.6ms)
Rendered _list_record (58.1ms)
Rendered _list_actions (25.9ms)
Rendered _list_record (88.9ms)
Rendered _list_actions (23.0ms)
Rendered _list_record (67.2ms)
Rendered _list_actions (12.2ms)
Rendered _list_record (37.4ms)
Rendered _list_actions (11.9ms)
Rendered _list_record (31.4ms)
Rendered _list_actions (10.9ms)
Rendered _list_record (32.3ms)
Rendered _list_actions (13.0ms)
Rendered _list_record (38.8ms)
Rendered _list_actions (13.5ms)
Rendered _list_record (35.3ms)
Rendered _list_actions (12.2ms)
Rendered _list_record (32.2ms)
Rendered _list_actions (12.8ms)
Rendered _list_record (37.5ms)
Rendered _list_actions (11.0ms)
Rendered _list_record (36.4ms)
Rendered _list_pagination_links (35.3ms)
Rendered _list (791.9ms)
Completed in 1378ms (View: 805, DB: 26) | 200 OK [http://localhost/assignments/update_table?page=2&authenticity_token=49fe2af5ba0191559230cf7a3511e7b9c455d041]
  [4;35;1mSQL (0.7ms)[0m   [0mSET SQL_AUTO_IS_NULL=0[0m
  [4;36;1mAssignment Columns (3.9ms)[0m   [0;1mSHOW FIELDS FROM `assignments`[0m


Processing AssignmentsController#update_table (for 127.0.0.1 at 2008-12-26 21:46:52) [GET]
  Parameters: {"authenticity_token"=>"49fe2af5ba0191559230cf7a3511e7b9c455d041", "page"=>"3"}
  [4;35;1mProgrammer Columns (4.6ms)[0m   [0mSHOW FIELDS FROM `programmers`[0m
  [4;36;1mProject Columns (4.5ms)[0m   [0;1mSHOW FIELDS FROM `projects`[0m
  [4;35;1mSQL (0.8ms)[0m   [0mSELECT count(DISTINCT `assignments`.id) AS count_all FROM `assignments` LEFT OUTER JOIN `programmers` ON `programmers`.id = `assignments`.programmer_id LEFT OUTER JOIN `projects` ON `projects`.id = `assignments`.project_id [0m
  [4;36;1mAssignment Load (1.3ms)[0m   [0;1mSELECT `assignments`.* FROM `assignments` ORDER BY assignments.`id` ASC LIMIT 30, 15[0m
  [4;35;1mProgrammer Load (43.9ms)[0m   [0mSELECT * FROM `programmers` WHERE (`programmers`.`id` IN (10,4)) [0m
  [4;36;1mProject Load (1.3ms)[0m   [0;1mSELECT * FROM `projects` WHERE (`projects`.`id` IN (1,2)) [0m
Rendered _list_column_headings (20.4ms)
Rendered _messages (1.2ms)
Rendered _list_actions (12.2ms)
Rendered _list_record (52.6ms)
Rendered _list_actions (11.6ms)
Rendered _list_record (33.3ms)
Rendered _list_pagination_links (27.9ms)
Rendered _list (179.7ms)
Completed in 854ms (View: 197, DB: 61) | 200 OK [http://localhost/assignments/update_table?authenticity_token=49fe2af5ba0191559230cf7a3511e7b9c455d041&page=3&authenticity_token=49fe2af5ba0191559230cf7a3511e7b9c455d041]
  [4;35;1mSQL (0.8ms)[0m   [0mSET SQL_AUTO_IS_NULL=0[0m
  [4;36;1mAssignment Columns (13.0ms)[0m   [0;1mSHOW FIELDS FROM `assignments`[0m


Processing AssignmentsController#update_table (for 127.0.0.1 at 2008-12-26 21:46:59) [GET]
  Parameters: {"authenticity_token"=>"49fe2af5ba0191559230cf7a3511e7b9c455d041", "page"=>"1"}
  [4;35;1mProgrammer Columns (3.6ms)[0m   [0mSHOW FIELDS FROM `programmers`[0m
  [4;36;1mProject Columns (13.1ms)[0m   [0;1mSHOW FIELDS FROM `projects`[0m
  [4;35;1mSQL (5.3ms)[0m   [0mSELECT count(DISTINCT `assignments`.id) AS count_all FROM `assignments` LEFT OUTER JOIN `programmers` ON `programmers`.id = `assignments`.programmer_id LEFT OUTER JOIN `projects` ON `projects`.id = `assignments`.project_id [0m
  [4;36;1mAssignment Load (8.5ms)[0m   [0;1mSELECT `assignments`.* FROM `assignments` ORDER BY assignments.`id` ASC LIMIT 0, 15[0m
  [4;35;1mProgrammer Load (14.3ms)[0m   [0mSELECT * FROM `programmers` WHERE (`programmers`.`id` IN (11,6,7,8,1,2,3,10,5)) [0m
  [4;36;1mProject Load (0.9ms)[0m   [0;1mSELECT * FROM `projects` WHERE (`projects`.`id` IN (6,7,8,9,3,10,4,5)) [0m
Rendered _list_column_headings (54.0ms)
Rendered _messages (1.3ms)
Rendered _list_actions (23.8ms)
Rendered _list_record (80.4ms)
Rendered _list_actions (24.4ms)
Rendered _list_record (93.7ms)
Rendered _list_actions (56.7ms)
Rendered _list_record (134.2ms)
Rendered _list_actions (50.0ms)
Rendered _list_record (102.0ms)
Rendered _list_actions (26.2ms)
Rendered _list_record (81.9ms)
Rendered _list_actions (35.0ms)
Rendered _list_record (74.5ms)
Rendered _list_actions (10.6ms)
Rendered _list_record (68.3ms)
Rendered _list_actions (25.1ms)
Rendered _list_record (79.9ms)
Rendered _list_actions (27.9ms)
Rendered _list_record (63.8ms)
Rendered _list_actions (23.3ms)
Rendered _list_record (61.8ms)
Rendered _list_actions (33.4ms)
Rendered _list_record (74.1ms)
Rendered _list_actions (21.9ms)
Rendered _list_record (69.2ms)
Rendered _list_actions (31.8ms)
Rendered _list_record (72.0ms)
Rendered _list_actions (21.1ms)
Rendered _list_record (52.7ms)
Rendered _list_actions (29.6ms)
Rendered _list_record (78.6ms)
Rendered _list_pagination_links (90.3ms)
Rendered _list (1500.2ms)
Completed in 2366ms (View: 1528, DB: 60) | 200 OK [http://localhost/assignments/update_table?authenticity_token=49fe2af5ba0191559230cf7a3511e7b9c455d041&page=1&authenticity_token=49fe2af5ba0191559230cf7a3511e7b9c455d041]
  [4;35;1mSQL (0.8ms)[0m   [0mSET SQL_AUTO_IS_NULL=0[0m
  [4;36;1mAssignment Columns (7.2ms)[0m   [0;1mSHOW FIELDS FROM `assignments`[0m


Processing AssignmentsController#update_table (for 127.0.0.1 at 2008-12-26 21:47:22) [GET]
  Parameters: {"authenticity_token"=>"49fe2af5ba0191559230cf7a3511e7b9c455d041", "page"=>"2"}
  [4;35;1mProgrammer Columns (20.3ms)[0m   [0mSHOW FIELDS FROM `programmers`[0m
  [4;36;1mProject Columns (5.8ms)[0m   [0;1mSHOW FIELDS FROM `projects`[0m
  [4;35;1mSQL (0.7ms)[0m   [0mSELECT count(DISTINCT `assignments`.id) AS count_all FROM `assignments` LEFT OUTER JOIN `programmers` ON `programmers`.id = `assignments`.programmer_id LEFT OUTER JOIN `projects` ON `projects`.id = `assignments`.project_id [0m
  [4;36;1mAssignment Load (1.9ms)[0m   [0;1mSELECT `assignments`.* FROM `assignments` ORDER BY assignments.`id` ASC LIMIT 15, 15[0m
  [4;35;1mProgrammer Load (1.7ms)[0m   [0mSELECT * FROM `programmers` WHERE (`programmers`.`id` IN (9,1,2,3,4,5)) [0m
  [4;36;1mProject Load (2.3ms)[0m   [0;1mSELECT * FROM `projects` WHERE (`projects`.`id` IN (6,8,9,1,2,4)) [0m
Rendered _list_column_headings (25.3ms)
Rendered _messages (1.2ms)
Rendered _list_actions (11.5ms)
Rendered _list_record (39.9ms)
Rendered _list_actions (13.7ms)
Rendered _list_record (41.0ms)
Rendered _list_actions (12.2ms)
Rendered _list_record (32.6ms)
Rendered _list_actions (13.7ms)
Rendered _list_record (34.0ms)
Rendered _list_actions (10.5ms)
Rendered _list_record (38.7ms)
Rendered _list_actions (11.8ms)
Rendered _list_record (33.3ms)
Rendered _list_actions (12.1ms)
Rendered _list_record (34.8ms)
Rendered _list_actions (10.4ms)
Rendered _list_record (34.2ms)
Rendered _list_actions (14.9ms)
Rendered _list_record (47.5ms)
Rendered _list_actions (28.9ms)
Rendered _list_record (102.8ms)
Rendered _list_actions (20.8ms)
Rendered _list_record (63.4ms)
Rendered _list_actions (15.3ms)
Rendered _list_record (38.0ms)
Rendered _list_actions (11.1ms)
Rendered _list_record (36.1ms)
Rendered _list_actions (15.8ms)
Rendered _list_record (33.7ms)
Rendered _list_actions (11.6ms)
Rendered _list_record (30.3ms)
Rendered _list_pagination_links (33.8ms)
Rendered _list (758.3ms)
Completed in 1482ms (View: 770, DB: 41) | 200 OK [http://localhost/assignments/update_table?authenticity_token=49fe2af5ba0191559230cf7a3511e7b9c455d041&page=2&authenticity_token=49fe2af5ba0191559230cf7a3511e7b9c455d041]
  [4;35;1mSQL (0.7ms)[0m   [0mSET SQL_AUTO_IS_NULL=0[0m
  [4;36;1mAssignment Columns (3.3ms)[0m   [0;1mSHOW FIELDS FROM `assignments`[0m


Processing AssignmentsController#update_table (for 127.0.0.1 at 2008-12-26 21:47:33) [GET]
  Parameters: {"authenticity_token"=>"49fe2af5ba0191559230cf7a3511e7b9c455d041", "page"=>"3"}
  [4;35;1mProgrammer Columns (8.8ms)[0m   [0mSHOW FIELDS FROM `programmers`[0m
  [4;36;1mProject Columns (3.8ms)[0m   [0;1mSHOW FIELDS FROM `projects`[0m
  [4;35;1mSQL (1.6ms)[0m   [0mSELECT count(DISTINCT `assignments`.id) AS count_all FROM `assignments` LEFT OUTER JOIN `programmers` ON `programmers`.id = `assignments`.programmer_id LEFT OUTER JOIN `projects` ON `projects`.id = `assignments`.project_id [0m
  [4;36;1mAssignment Load (1.0ms)[0m   [0;1mSELECT `assignments`.* FROM `assignments` ORDER BY assignments.`id` ASC LIMIT 30, 15[0m
  [4;35;1mProgrammer Load (1.0ms)[0m   [0mSELECT * FROM `programmers` WHERE (`programmers`.`id` IN (10,4)) [0m
  [4;36;1mProject Load (0.8ms)[0m   [0;1mSELECT * FROM `projects` WHERE (`projects`.`id` IN (1,2)) [0m
Rendered _list_column_headings (17.5ms)
Rendered _messages (1.3ms)
Rendered _list_actions (14.7ms)
Rendered _list_record (58.6ms)
Rendered _list_actions (10.4ms)
Rendered _list_record (30.7ms)
Rendered _list_pagination_links (23.9ms)
Rendered _list (185.3ms)
Completed in 841ms (View: 198, DB: 21) | 200 OK [http://localhost/assignments/update_table?authenticity_token=49fe2af5ba0191559230cf7a3511e7b9c455d041&page=3&authenticity_token=49fe2af5ba0191559230cf7a3511e7b9c455d041]
  [4;35;1mSQL (0.7ms)[0m   [0mSET SQL_AUTO_IS_NULL=0[0m
  [4;36;1mAssignment Columns (7.8ms)[0m   [0;1mSHOW FIELDS FROM `assignments`[0m


Processing AssignmentsController#show (for 127.0.0.1 at 2008-12-26 21:47:37) [GET]
  Parameters: {"authenticity_token"=>"49fe2af5ba0191559230cf7a3511e7b9c455d041", "adapter"=>"_list_inline_adapter", "id"=>"1054583385"}
  [4;35;1mProgrammer Columns (4.5ms)[0m   [0mSHOW FIELDS FROM `programmers`[0m
  [4;36;1mProject Columns (3.3ms)[0m   [0;1mSHOW FIELDS FROM `projects`[0m
  [4;35;1mAssignment Load (2.1ms)[0m   [0mSELECT * FROM `assignments` WHERE (`assignments`.`id` = 1054583385) [0m
  [4;36;1mProgrammer Load (1.0ms)[0m   [0;1mSELECT * FROM `programmers` WHERE (`programmers`.`id` = 10) [0m
  [4;35;1mProject Load (0.8ms)[0m   [0mSELECT * FROM `projects` WHERE (`projects`.`id` = 2) [0m
Rendered _show_columns (12.6ms)
Rendered _show (31.9ms)
Rendering _list_inline_adapter
Rendered _messages (0.1ms)
Rendered _list_inline_adapter (20.5ms)
Completed in 380ms (View: 22, DB: 0) | 200 OK [http://localhost/assignments/1054583385?_method=get&authenticity_token=49fe2af5ba0191559230cf7a3511e7b9c455d041&adapter=_list_inline_adapter]
  [4;36;1mSQL (1.0ms)[0m   [0;1mSET SQL_AUTO_IS_NULL=0[0m
  [4;35;1mProgrammer Columns (5.3ms)[0m   [0mSHOW FIELDS FROM `programmers`[0m


Processing ProgrammersController#edit (for 127.0.0.1 at 2008-12-26 21:47:47) [GET]
  Parameters: {"authenticity_token"=>"49fe2af5ba0191559230cf7a3511e7b9c455d041", "adapter"=>"_list_inline_adapter", "id"=>"4", "parent_controller"=>"assignments"}
  [4;36;1mProgrammer Load (2.0ms)[0m   [0;1mSELECT * FROM `programmers` WHERE (`programmers`.`id` = 4) [0m
Rendered _form_attribute (3.0ms)
Rendered _form_attribute (2.8ms)
  [4;35;1mProject Load (1.7ms)[0m   [0mSELECT `projects`.* FROM `projects` INNER JOIN assignments ON projects.id = assignments.project_id WHERE ((`assignments`.programmer_id = 4)) [0m
  [4;36;1mProject Columns (6.7ms)[0m   [0;1mSHOW FIELDS FROM `projects`[0m
  [4;35;1mProject Load (0.8ms)[0m   [0mSELECT * FROM `projects` [0m
Rendered _form_attribute (94.9ms)
Rendered _form (122.1ms)
Rendered _update_form (158.5ms)
Rendering _list_inline_adapter
Rendered _messages (1.3ms)
Rendered _list_inline_adapter (17.7ms)
Completed in 243ms (View: 19, DB: 0) | 200 OK [http://localhost/programmers/4/edit?_method=get&authenticity_token=49fe2af5ba0191559230cf7a3511e7b9c455d041&parent_controller=assignments&adapter=_list_inline_adapter]
